<?xml version="1.0" encoding="UTF-8"?>
<!-- Generated by org.testng.reporters.JUnitReportReporter -->
<testsuite hostname="EPINBANW0220" failures="0" tests="1" name="TestDemo.FirstTestNGFile" time="2.576" errors="0" timestamp="2023-02-01T16:10:39 IST" skipped="0">
  <testcase classname="TestDemo.FirstTestNGFile" name="register" time="2.576"/>
  <system-out/>
</testsuite> <!-- TestDemo.FirstTestNGFile -->
